[2024-08-20 10:37:04,826: INFO : main :Welcome to our Custom log]
[2024-08-20 14:14:43,187: INFO : main :>>>>>> stage Data Ingestion Stage started <<<<<<]
[2024-08-20 14:14:43,208: INFO : common :yaml file: config\config.yaml loaded successfully]
[2024-08-20 14:14:43,226: INFO : common :yaml file: params.yaml loaded successfully]
[2024-08-20 14:14:43,227: INFO : common :created directory at: artifacts]
[2024-08-20 14:14:43,228: INFO : common :created directory at: artifacts/data_ingestion]
[2024-08-20 14:14:43,229: INFO : data_ingestion :Downloading data from https://drive.google.com/file/d/1PsI21hmsPWPwLvD_Jkp88zbuCSzn3Ous/view?usp=drive_link into file artifacts/data_ingestion/data.zip]
[2024-08-20 14:17:14,897: INFO : data_ingestion :Downloaded data from https://drive.google.com/file/d/1PsI21hmsPWPwLvD_Jkp88zbuCSzn3Ous/view?usp=drive_link into file artifacts/data_ingestion/data.zip]
[2024-08-20 14:17:54,803: INFO : main :>>>>>> stage Data Ingestion Stage completed <<<<<<

x==========x]
[2024-08-21 11:32:00,133: INFO : common :yaml file: config\config.yaml loaded successfully]
[2024-08-21 11:32:00,152: INFO : common :yaml file: params.yaml loaded successfully]
[2024-08-21 11:32:00,156: INFO : common :created directory at: artifacts]
[2024-08-21 11:32:00,157: INFO : common :created directory at: artifacts/prepare_base_model]
[2024-08-21 11:32:00,939: WARNING : saving_utils :Compiled the loaded model, but the compiled metrics have yet to be built. `model.compile_metrics` will be empty until you train or evaluate the model.]
[2024-08-21 11:44:51,750: INFO : common :yaml file: config\config.yaml loaded successfully]
[2024-08-21 11:44:51,758: INFO : common :yaml file: params.yaml loaded successfully]
[2024-08-21 11:44:51,759: INFO : common :created directory at: artifacts]
[2024-08-21 11:44:51,760: INFO : common :created directory at: artifacts/prepare_base_model]
[2024-08-21 11:44:52,223: WARNING : saving_utils :Compiled the loaded model, but the compiled metrics have yet to be built. `model.compile_metrics` will be empty until you train or evaluate the model.]
[2024-08-21 11:59:10,693: INFO : main :>>>>>> stage Data Ingestion Stage started <<<<<<]
[2024-08-21 11:59:10,696: INFO : common :yaml file: config\config.yaml loaded successfully]
[2024-08-21 11:59:10,706: INFO : common :yaml file: params.yaml loaded successfully]
[2024-08-21 11:59:10,708: INFO : common :created directory at: artifacts]
[2024-08-21 11:59:10,708: INFO : common :created directory at: artifacts/data_ingestion]
[2024-08-21 11:59:10,709: INFO : data_ingestion :Downloading data from https://drive.google.com/file/d/1PsI21hmsPWPwLvD_Jkp88zbuCSzn3Ous/view?usp=drive_link into file artifacts/data_ingestion/data.zip]
[2024-08-21 12:02:10,123: INFO : data_ingestion :Downloaded data from https://drive.google.com/file/d/1PsI21hmsPWPwLvD_Jkp88zbuCSzn3Ous/view?usp=drive_link into file artifacts/data_ingestion/data.zip]
[2024-08-21 12:02:37,822: INFO : main :>>>>>> stage Data Ingestion Stage completed <<<<<<

x==========x]
[2024-08-21 12:02:37,822: INFO : main :>>>>>> stage Preapare_base_model started <<<<<<]
[2024-08-21 12:02:37,826: INFO : common :yaml file: config\config.yaml loaded successfully]
[2024-08-21 12:02:37,829: INFO : common :yaml file: params.yaml loaded successfully]
[2024-08-21 12:02:37,831: INFO : common :created directory at: artifacts]
[2024-08-21 12:02:37,832: INFO : common :created directory at: artifacts/prepare_base_model]
[2024-08-21 12:02:38,720: WARNING : saving_utils :Compiled the loaded model, but the compiled metrics have yet to be built. `model.compile_metrics` will be empty until you train or evaluate the model.]
[2024-08-21 12:02:38,989: INFO : main :>>>>>> stage Preapare_base_model completed <<<<<<

x==========x]
[2024-08-21 12:18:43,338: INFO : common :yaml file: config\config.yaml loaded successfully]
[2024-08-21 12:18:43,342: INFO : common :yaml file: params.yaml loaded successfully]
[2024-08-21 12:18:43,344: INFO : common :created directory at: artifacts]
[2024-08-21 12:18:43,345: INFO : common :created directory at: artifacts\model_training]
[2024-08-21 12:23:44,957: INFO : common :yaml file: config\config.yaml loaded successfully]
[2024-08-21 12:23:44,959: INFO : common :yaml file: params.yaml loaded successfully]
[2024-08-21 12:23:44,960: INFO : common :created directory at: artifacts]
[2024-08-21 12:23:44,961: INFO : common :created directory at: artifacts\model_training]
[2024-08-21 12:25:14,578: INFO : common :yaml file: config\config.yaml loaded successfully]
[2024-08-21 12:25:14,580: INFO : common :yaml file: params.yaml loaded successfully]
[2024-08-21 12:25:14,581: INFO : common :created directory at: artifacts]
[2024-08-21 12:25:14,583: INFO : common :created directory at: artifacts\model_training]
[2024-08-21 12:36:17,792: INFO : main :>>>>>> stage Data Ingestion Stage started <<<<<<]
[2024-08-21 12:36:17,795: INFO : common :yaml file: config\config.yaml loaded successfully]
[2024-08-21 12:36:17,796: INFO : common :yaml file: params.yaml loaded successfully]
[2024-08-21 12:36:17,798: INFO : common :created directory at: artifacts]
[2024-08-21 12:36:17,799: INFO : common :created directory at: artifacts/data_ingestion]
[2024-08-21 12:36:17,799: INFO : data_ingestion :Downloading data from https://drive.google.com/file/d/1PsI21hmsPWPwLvD_Jkp88zbuCSzn3Ous/view?usp=drive_link into file artifacts/data_ingestion/data.zip]
[2024-08-21 12:38:49,470: INFO : data_ingestion :Downloaded data from https://drive.google.com/file/d/1PsI21hmsPWPwLvD_Jkp88zbuCSzn3Ous/view?usp=drive_link into file artifacts/data_ingestion/data.zip]
[2024-08-21 12:39:13,650: INFO : main :>>>>>> stage Data Ingestion Stage completed <<<<<<

x==========x]
[2024-08-21 12:39:13,651: INFO : main :>>>>>> stage Preapare_base_model started <<<<<<]
[2024-08-21 12:39:13,656: INFO : common :yaml file: config\config.yaml loaded successfully]
[2024-08-21 12:39:13,659: INFO : common :yaml file: params.yaml loaded successfully]
[2024-08-21 12:39:13,660: INFO : common :created directory at: artifacts]
[2024-08-21 12:39:13,661: INFO : common :created directory at: artifacts/prepare_base_model]
[2024-08-21 12:39:14,394: WARNING : saving_utils :Compiled the loaded model, but the compiled metrics have yet to be built. `model.compile_metrics` will be empty until you train or evaluate the model.]
[2024-08-21 12:39:14,711: INFO : main :>>>>>> stage Preapare_base_model completed <<<<<<

x==========x]
[2024-08-21 12:39:14,712: INFO : main :*******************]
[2024-08-21 12:39:14,713: INFO : main :>>>>>> stage Training started <<<<<<]
[2024-08-21 12:39:14,718: INFO : common :yaml file: config\config.yaml loaded successfully]
[2024-08-21 12:39:14,720: INFO : common :yaml file: params.yaml loaded successfully]
[2024-08-21 12:39:14,721: INFO : common :created directory at: artifacts]
[2024-08-21 12:39:14,722: INFO : common :created directory at: artifacts\model_training]
